生成启动时间为 2018/5/21 21:58:42。
     1>项目“C:\Users\admin\documents\visual studio 2013\Projects\database4\database4\database4.vcxproj”在节点 2 上(Build 个目标)。
     1>ClCompile:
         D:\download\Complier\VS\vs2013\data\VC\bin\CL.exe /c /ZI /nologo /W3 /WX- /sdl /Od /Oy- /D _MBCS /Gm /EHsc /RTC1 /MDd /GS /fp:precise /Zc:wchar_t /Zc:forScope /Fo"Debug\\" /Fd"Debug\vc120.pdb" /Gd /TP /analyze- /errorReport:prompt "源.cpp"
         源.cpp
     1>c:\users\admin\documents\visual studio 2013\projects\database4\database4\源.cpp(269): warning C4244: “参数”: 从“double”转换到“int”，可能丢失数据
     1>c:\users\admin\documents\visual studio 2013\projects\database4\database4\源.cpp(270): warning C4244: “参数”: 从“double”转换到“int”，可能丢失数据
     1>c:\users\admin\documents\visual studio 2013\projects\database4\database4\源.cpp(287): warning C4244: “参数”: 从“double”转换到“int”，可能丢失数据
     1>c:\users\admin\documents\visual studio 2013\projects\database4\database4\源.cpp(289): warning C4244: “参数”: 从“double”转换到“int”，可能丢失数据
     1>c:\users\admin\documents\visual studio 2013\projects\database4\database4\源.cpp(296): warning C4244: “参数”: 从“double”转换到“int”，可能丢失数据
     1>c:\users\admin\documents\visual studio 2013\projects\database4\database4\源.cpp(300): warning C4244: “参数”: 从“double”转换到“int”，可能丢失数据
     1>c:\users\admin\documents\visual studio 2013\projects\database4\database4\源.cpp(312): warning C4244: “参数”: 从“double”转换到“int”，可能丢失数据
     1>c:\users\admin\documents\visual studio 2013\projects\database4\database4\源.cpp(314): warning C4244: “参数”: 从“double”转换到“int”，可能丢失数据
     1>c:\users\admin\documents\visual studio 2013\projects\database4\database4\源.cpp(322): warning C4244: “参数”: 从“double”转换到“int”，可能丢失数据
     1>c:\users\admin\documents\visual studio 2013\projects\database4\database4\源.cpp(326): warning C4244: “参数”: 从“double”转换到“int”，可能丢失数据
     1>c:\users\admin\documents\visual studio 2013\projects\database4\database4\源.cpp(344): warning C4244: “参数”: 从“double”转换到“int”，可能丢失数据
     1>c:\users\admin\documents\visual studio 2013\projects\database4\database4\源.cpp(450): warning C4018: “>=”: 有符号/无符号不匹配
     1>c:\users\admin\documents\visual studio 2013\projects\database4\database4\源.cpp(469): warning C4018: “<=”: 有符号/无符号不匹配
     1>c:\users\admin\documents\visual studio 2013\projects\database4\database4\源.cpp(543): warning C4018: “<=”: 有符号/无符号不匹配
     1>c:\users\admin\documents\visual studio 2013\projects\database4\database4\源.cpp(565): warning C4018: “<”: 有符号/无符号不匹配
     1>c:\users\admin\documents\visual studio 2013\projects\database4\database4\源.cpp(577): warning C4018: “<”: 有符号/无符号不匹配
     1>c:\users\admin\documents\visual studio 2013\projects\database4\database4\源.cpp(600): warning C4018: “<”: 有符号/无符号不匹配
     1>c:\users\admin\documents\visual studio 2013\projects\database4\database4\源.cpp(640): warning C4018: “<”: 有符号/无符号不匹配
     1>c:\users\admin\documents\visual studio 2013\projects\database4\database4\源.cpp(645): warning C4018: “<”: 有符号/无符号不匹配
       Link:
         D:\download\Complier\VS\vs2013\data\VC\bin\link.exe /ERRORREPORT:PROMPT /OUT:"C:\Users\admin\documents\visual studio 2013\Projects\database4\Debug\database4.exe" /INCREMENTAL /NOLOGO kernel32.lib user32.lib gdi32.lib winspool.lib comdlg32.lib advapi32.lib shell32.lib ole32.lib oleaut32.lib uuid.lib odbc32.lib odbccp32.lib /MANIFEST /MANIFESTUAC:"level='asInvoker' uiAccess='false'" /manifest:embed /DEBUG /PDB:"C:\Users\admin\documents\visual studio 2013\Projects\database4\Debug\database4.pdb" /TLBID:1 /DYNAMICBASE /NXCOMPAT /IMPLIB:"C:\Users\admin\documents\visual studio 2013\Projects\database4\Debug\database4.lib" /MACHINE:X86 Debug\BTree.obj
         "Debug\源.obj"
         "Debug\源1.obj"
         database4.vcxproj -> C:\Users\admin\documents\visual studio 2013\Projects\database4\Debug\database4.exe
     1>已完成生成项目“C:\Users\admin\documents\visual studio 2013\Projects\database4\database4\database4.vcxproj”(Build 个目标)的操作。

生成成功。

已用时间 00:00:00.94
