生成启动时间为 2018/5/20 14:57:09。
     1>项目“C:\Users\admin\Documents\Visual Studio 2013\Projects\database4\database4\database4.vcxproj”在节点 2 上(Build 个目标)。
     1>ClCompile:
         D:\download\Complier\VS\vs2013\data\VC\bin\CL.exe /c /Zi /nologo /W3 /WX- /sdl /O2 /Oi /Oy- /GL /D _MBCS /Gm- /EHsc /MD /GS /Gy /fp:precise /Zc:wchar_t /Zc:forScope /Fo"Release\\" /Fd"Release\vc120.pdb" /Gd /TP /analyze- /errorReport:prompt "源.cpp"
         源.cpp
     1>源.cpp(259): warning C4244: “参数”: 从“double”转换到“int”，可能丢失数据
     1>源.cpp(260): warning C4244: “参数”: 从“double”转换到“int”，可能丢失数据
     1>源.cpp(277): warning C4244: “参数”: 从“double”转换到“int”，可能丢失数据
     1>源.cpp(279): warning C4244: “参数”: 从“double”转换到“int”，可能丢失数据
     1>源.cpp(286): warning C4244: “参数”: 从“double”转换到“int”，可能丢失数据
     1>源.cpp(290): warning C4244: “参数”: 从“double”转换到“int”，可能丢失数据
     1>源.cpp(302): warning C4244: “参数”: 从“double”转换到“int”，可能丢失数据
     1>源.cpp(304): warning C4244: “参数”: 从“double”转换到“int”，可能丢失数据
     1>源.cpp(312): warning C4244: “参数”: 从“double”转换到“int”，可能丢失数据
     1>源.cpp(316): warning C4244: “参数”: 从“double”转换到“int”，可能丢失数据
     1>源.cpp(334): warning C4244: “参数”: 从“double”转换到“int”，可能丢失数据
     1>源.cpp(440): warning C4018: “>=”: 有符号/无符号不匹配
     1>源.cpp(459): warning C4018: “<=”: 有符号/无符号不匹配
     1>源.cpp(529): warning C4018: “<=”: 有符号/无符号不匹配
     1>源.cpp(551): warning C4018: “<”: 有符号/无符号不匹配
     1>源.cpp(563): warning C4018: “<”: 有符号/无符号不匹配
     1>源.cpp(586): warning C4018: “<”: 有符号/无符号不匹配
     1>源.cpp(618): warning C4018: “<”: 有符号/无符号不匹配
     1>源.cpp(623): warning C4018: “<”: 有符号/无符号不匹配
       Link:
         D:\download\Complier\VS\vs2013\data\VC\bin\link.exe /ERRORREPORT:PROMPT /OUT:"C:\Users\admin\Documents\Visual Studio 2013\Projects\database4\Release\database4.exe" /NOLOGO kernel32.lib user32.lib gdi32.lib winspool.lib comdlg32.lib advapi32.lib shell32.lib ole32.lib oleaut32.lib uuid.lib odbc32.lib odbccp32.lib /MANIFEST /MANIFESTUAC:"level='asInvoker' uiAccess='false'" /manifest:embed /DEBUG /PDB:"C:\Users\admin\Documents\Visual Studio 2013\Projects\database4\Release\database4.pdb" /OPT:REF /OPT:ICF /LTCG /TLBID:1 /DYNAMICBASE /NXCOMPAT /IMPLIB:"C:\Users\admin\Documents\Visual Studio 2013\Projects\database4\Release\database4.lib" /MACHINE:X86 /SAFESEH Release\BTree.obj
         "Release\源.obj"
         "Release\源1.obj"
         正在生成代码
     1>c:\users\admin\documents\visual studio 2013\projects\database4\database4\源.cpp(596): warning C4715: “deleteKey”: 不是所有的控件路径都返回值
         已完成代码的生成
         database4.vcxproj -> C:\Users\admin\Documents\Visual Studio 2013\Projects\database4\Release\database4.exe
     1>已完成生成项目“C:\Users\admin\Documents\Visual Studio 2013\Projects\database4\database4\database4.vcxproj”(Build 个目标)的操作。

生成成功。

已用时间 00:00:01.36
